<?xml version="1.0" encoding="UTF-8"?>
<!-- Generated by org.testng.reporters.JUnitReportReporter -->
<testsuite hostname="DESKTOP-F52EDBA" failures="0" tests="2" name="groupexecution.Test1" time="0.011" errors="0" timestamp="2023-02-10T09:11:06 IST" skipped="0">
  <testcase classname="groupexecution.Test1" name="demo1" time="0.009"/>
  <system-out/>
  <testcase classname="groupexecution.Test1" name="demo2" time="0.002"/>
  <system-out/>
</testsuite> <!-- groupexecution.Test1 -->
