<?xml version="1.0" encoding="UTF-8"?>
<!-- Generated by org.testng.reporters.JUnitReportReporter -->
<testsuite hostname="DESKTOP-F52EDBA" failures="0" tests="7" name="testng.InvocationCountPractice" time="0.017" errors="0" timestamp="2023-02-07T09:15:45 IST" skipped="0">
  <testcase classname="testng.InvocationCountPractice" name="test4" time="0.002"/>
  <system-out/>
  <testcase classname="testng.InvocationCountPractice" name="test0" time="0.002"/>
  <system-out/>
  <testcase classname="testng.InvocationCountPractice" name="test0" time="0.007"/>
  <system-out/>
  <testcase classname="testng.InvocationCountPractice" name="test1" time="0.002"/>
  <system-out/>
  <testcase classname="testng.InvocationCountPractice" name="test4" time="0.000"/>
  <system-out/>
  <testcase classname="testng.InvocationCountPractice" name="test4" time="0.002"/>
  <system-out/>
  <testcase classname="testng.InvocationCountPractice" name="test4" time="0.002"/>
  <system-out/>
</testsuite> <!-- testng.InvocationCountPractice -->
