<?xml version="1.0" encoding="UTF-8"?>
<!-- Generated by org.testng.reporters.JUnitReportReporter -->
<testsuite hostname="DESKTOP-F52EDBA" failures="0" tests="1" name="batchexecution.Test0" time="0.002" errors="0" timestamp="2023-02-11T09:31:17 IST" skipped="0">
  <testcase classname="batchexecution.Test0" name="demo2" time="0.002"/>
  <system-out/>
</testsuite> <!-- batchexecution.Test0 -->
