<?xml version="1.0" encoding="UTF-8"?>
<!-- Generated by org.testng.reporters.JUnitReportReporter -->
<testsuite hostname="DESKTOP-F52EDBA" failures="0" tests="3" name="batchexecution.Test2" time="0.013" errors="0" timestamp="2023-02-08T09:46:08 IST" skipped="0">
  <testcase classname="batchexecution.Test2" name="demo2" time="0.001"/>
  <system-out/>
  <testcase classname="batchexecution.Test2" name="demo1" time="0.011"/>
  <system-out/>
  <testcase classname="batchexecution.Test2" name="demo3" time="0.001"/>
  <system-out/>
</testsuite> <!-- batchexecution.Test2 -->
