<?xml version="1.0" encoding="UTF-8"?>
<!-- Generated by org.testng.reporters.JUnitReportReporter -->
<testsuite hostname="DESKTOP-F52EDBA" failures="0" tests="4" name="groupexecution.Test2" time="0.004" errors="0" timestamp="2023-02-10T09:11:06 IST" skipped="0">
  <testcase classname="groupexecution.Test2" name="demo1" time="0.002"/>
  <system-out/>
  <testcase classname="groupexecution.Test2" name="demo2" time="0.000"/>
  <system-out/>
  <testcase classname="groupexecution.Test2" name="demo4" time="0.001"/>
  <system-out/>
  <testcase classname="groupexecution.Test2" name="demo3" time="0.001"/>
  <system-out/>
</testsuite> <!-- groupexecution.Test2 -->
