<?xml version="1.0" encoding="UTF-8"?>
<!-- Generated by org.testng.reporters.JUnitReportReporter -->
<testsuite hostname="DESKTOP-F52EDBA" failures="0" tests="1" name="testng.SampleTest" time="0.013" errors="0" timestamp="2023-02-08T08:24:13 IST" skipped="0">
  <testcase classname="testng.SampleTest" name="demotest" time="0.013"/>
  <system-out>
    <![CDATA[Hello World]]>
  </system-out>
</testsuite> <!-- testng.SampleTest -->
