<?xml version="1.0" encoding="UTF-8"?>
<!-- Generated by org.testng.reporters.JUnitReportReporter -->
<testsuite hostname="DESKTOP-F52EDBA" failures="0" tests="2" name="testng.XMLConversionPractice" time="6.207" errors="0" timestamp="2023-02-08T08:51:02 IST" skipped="0">
  <testcase classname="testng.XMLConversionPractice" name="googleTest" time="4.002"/>
  <system-out/>
  <testcase classname="testng.XMLConversionPractice" name="facebookTest" time="2.205"/>
  <system-out/>
</testsuite> <!-- testng.XMLConversionPractice -->
