<?xml version="1.0" encoding="UTF-8"?>
<!-- Generated by org.testng.reporters.JUnitReportReporter -->
<testsuite hostname="DESKTOP-F52EDBA" failures="0" tests="5" name="testng.PriorityPractice" time="0.015" errors="0" timestamp="2023-02-07T09:05:38 IST" skipped="0">
  <testcase classname="testng.PriorityPractice" name="demo4" time="0.009"/>
  <system-out/>
  <testcase classname="testng.PriorityPractice" name="demo1" time="0.002"/>
  <system-out/>
  <testcase classname="testng.PriorityPractice" name="demo2" time="0.002"/>
  <system-out/>
  <testcase classname="testng.PriorityPractice" name="demo3" time="0.001"/>
  <system-out/>
  <testcase classname="testng.PriorityPractice" name="demo5" time="0.001"/>
  <system-out/>
</testsuite> <!-- testng.PriorityPractice -->
