<?xml version="1.0" encoding="UTF-8"?>
<!-- Generated by org.testng.reporters.JUnitReportReporter -->
<testsuite hostname="DESKTOP-F52EDBA" failures="0" tests="10" name="testng.PriorityInvocationCountPractice" time="0.020" errors="0" timestamp="2023-02-07T09:25:59 IST" skipped="0">
  <testcase classname="testng.PriorityInvocationCountPractice" name="test0" time="0.002"/>
  <system-out/>
  <testcase classname="testng.PriorityInvocationCountPractice" name="test0" time="0.009"/>
  <system-out/>
  <testcase classname="testng.PriorityInvocationCountPractice" name="test2" time="0.001"/>
  <system-out/>
  <testcase classname="testng.PriorityInvocationCountPractice" name="test2" time="0.001"/>
  <system-out/>
  <testcase classname="testng.PriorityInvocationCountPractice" name="test2" time="0.001"/>
  <system-out/>
  <testcase classname="testng.PriorityInvocationCountPractice" name="test1" time="0.001"/>
  <system-out/>
  <testcase classname="testng.PriorityInvocationCountPractice" name="test4" time="0.002"/>
  <system-out/>
  <testcase classname="testng.PriorityInvocationCountPractice" name="test4" time="0.001"/>
  <system-out/>
  <testcase classname="testng.PriorityInvocationCountPractice" name="test4" time="0.001"/>
  <system-out/>
  <testcase classname="testng.PriorityInvocationCountPractice" name="test4" time="0.001"/>
  <system-out/>
</testsuite> <!-- testng.PriorityInvocationCountPractice -->
