<?xml version="1.0" encoding="UTF-8"?>
<!-- Generated by org.testng.reporters.JUnitReportReporter -->
<testsuite hostname="DESKTOP-F52EDBA" failures="0" tests="3" name="distributedParallel.Test2" time="0.017" errors="0" timestamp="2023-02-09T08:43:13 IST" skipped="0">
  <testcase classname="distributedParallel.Test2" name="demo3" time="0.002"/>
  <system-out/>
  <testcase classname="distributedParallel.Test2" name="demo1" time="0.011"/>
  <system-out/>
  <testcase classname="distributedParallel.Test2" name="demo2" time="0.004"/>
  <system-out/>
</testsuite> <!-- distributedParallel.Test2 -->
