<?xml version="1.0" encoding="UTF-8"?>
<!-- Generated by org.testng.reporters.JUnitReportReporter -->
<testsuite hostname="DESKTOP-F52EDBA" failures="0" tests="3" name="crossbrowserparallel.SwiggyTest" time="35.769" errors="0" timestamp="2023-02-09T09:37:09 IST" skipped="0">
  <testcase classname="crossbrowserparallel.SwiggyTest" name="swiggyPageTest" time="12.698"/>
  <system-out/>
  <testcase classname="crossbrowserparallel.SwiggyTest" name="swiggyPageTest" time="9.632"/>
  <system-out/>
  <testcase classname="crossbrowserparallel.SwiggyTest" name="swiggyPageTest" time="13.439"/>
  <system-out/>
</testsuite> <!-- crossbrowserparallel.SwiggyTest -->
