<?xml version="1.0" encoding="UTF-8"?>
<!-- Generated by org.testng.reporters.JUnitReportReporter -->
<testsuite hostname="DESKTOP-F52EDBA" failures="0" tests="3" name="crossbrowserparallel.SeleniumTest" time="13.914" errors="0" timestamp="2023-02-09T09:37:09 IST" skipped="0">
  <testcase classname="crossbrowserparallel.SeleniumTest" name="seleniumPageTest" time="3.344"/>
  <system-out/>
  <testcase classname="crossbrowserparallel.SeleniumTest" name="seleniumPageTest" time="3.705"/>
  <system-out/>
  <testcase classname="crossbrowserparallel.SeleniumTest" name="seleniumPageTest" time="6.865"/>
  <system-out/>
</testsuite> <!-- crossbrowserparallel.SeleniumTest -->
