<?xml version="1.0" encoding="UTF-8"?>
<!-- Generated by org.testng.reporters.JUnitReportReporter -->
<testsuite hostname="DESKTOP-F52EDBA" failures="0" tests="2" name="testng.EnabledFalsePractice" time="0.009" errors="0" timestamp="2023-02-07T09:43:13 IST" skipped="1">
  <testcase classname="testng.EnabledFalsePractice" name="test0" time="0.009"/>
  <system-out/>
  <testcase classname="testng.EnabledFalsePractice" name="test1">
    <skipped/>
  </testcase> <!-- test1 -->
  <system-out/>
</testsuite> <!-- testng.EnabledFalsePractice -->
