<?xml version="1.0" encoding="UTF-8"?>
<!-- Generated by org.testng.reporters.JUnitReportReporter -->
<testsuite hostname="DESKTOP-F52EDBA" failures="0" tests="2" name="testng.DependsOnMethods" time="13.021" errors="0" timestamp="2023-02-10T09:48:26 IST" skipped="0">
  <testcase classname="testng.DependsOnMethods" name="navigateToActitime" time="9.598"/>
  <system-out/>
  <testcase classname="testng.DependsOnMethods" name="loginToActitime" time="3.423"/>
  <system-out/>
</testsuite> <!-- testng.DependsOnMethods -->
